<?xml version="1.0" encoding="UTF-8"?>
<!-- Generated by org.testng.reporters.JUnitXMLReporter -->
<testsuite hostname="ASDP1524PO01976" name="First" tests="14" failures="1" timestamp="24 Jan 2017 10:33:03 GMT" time="324.479" errors="0">
  <testcase name="IwebLaunch" time="13.121" classname="Apps.ACS.Iweb_Regular_Active_Member"/>
  <testcase name="MembershipA" time="0.09" classname="Apps.ACS.Iweb_Regular_Active_Member"/>
  <testcase name="FindMembersA" time="5.097" classname="Apps.ACS.Iweb_Regular_Active_Member"/>
  <testcase name="FindMembershipA" time="4.463" classname="Apps.ACS.Iweb_Regular_Active_Member"/>
  <testcase name="IndividualA" time="8.76" classname="Apps.ACS.Iweb_Regular_Active_Member"/>
  <testcase name="EmailLaunch" time="1.993" classname="Apps.ACS.EmailPreference"/>
  <testcase name="LoginApp" time="13.318" classname="Apps.ACS.EmailPreference"/>
  <testcase name="LaunchR" time="5.956" classname="Apps.ACS.Iweb_Active_Renewed_NoResponse"/>
  <testcase name="MembershipR" time="2.536" classname="Apps.ACS.Iweb_Active_Renewed_NoResponse"/>
  <testcase name="FindMembersR" time="1.996" classname="Apps.ACS.Iweb_Active_Renewed_NoResponse"/>
  <testcase name="FindMembershipR" time="5.326" classname="Apps.ACS.Iweb_Active_Renewed_NoResponse"/>
  <testcase name="IndividualR" time="31.2" classname="Apps.ACS.Iweb_Active_Renewed_NoResponse"/>
  <testcase name="OMRLaunch" time="32.441" classname="Apps.ACS.OMR"/>
  <testcase name="Payment" time="198.112" classname="Apps.ACS.OMR">
    <failure type="org.openqa.selenium.NoSuchElementException" message="Unable to locate element: {&amp;quot;method&amp;quot;:&amp;quot;id&amp;quot;,&amp;quot;selector&amp;quot;:&amp;quot;c5824dae_279c_4392_b6d0_3efa2906fbab_lblMembershipExpirationDate&amp;quot;}
Command duration or timeout: 114.05 seconds
For documentation on this error, please visit: http://seleniumhq.org/exceptions/no_such_element.html
Build info: version: &amp;apos;2.53.1&amp;apos;, revision: &amp;apos;a36b8b1cd5757287168e54b817830adce9b0158d&amp;apos;, time: &amp;apos;2016-06-30 19:26:09&amp;apos;
System info: host: &amp;apos;ASDP1524PO01976&amp;apos;, ip: &amp;apos;172.29.241.108&amp;apos;, os.name: &amp;apos;Windows 10&amp;apos;, os.arch: &amp;apos;amd64&amp;apos;, os.version: &amp;apos;10.0&amp;apos;, java.version: &amp;apos;1.8.0_101&amp;apos;
Driver info: org.openqa.selenium.firefox.FirefoxDriver
Capabilities [{applicationCacheEnabled=true, rotatable=false, handlesAlerts=true, databaseEnabled=true, version=47.0.2, platform=WINDOWS, nativeEvents=false, acceptSslCerts=true, webStorageEnabled=true, locationContextEnabled=true, browserName=firefox, takesScreenshot=true, javascriptEnabled=true, cssSelectorsEnabled=true}]
Session ID: 94433bf7-f888-4078-ab93-a9eed40d45b1
*** Element info: {Using=id, value=c5824dae_279c_4392_b6d0_3efa2906fbab_lblMembershipExpirationDate}">
      <![CDATA[org.openqa.selenium.NoSuchElementException: Unable to locate element: {"method":"id","selector":"c5824dae_279c_4392_b6d0_3efa2906fbab_lblMembershipExpirationDate"}
Command duration or timeout: 114.05 seconds
For documentation on this error, please visit: http://seleniumhq.org/exceptions/no_such_element.html
Build info: version: '2.53.1', revision: 'a36b8b1cd5757287168e54b817830adce9b0158d', time: '2016-06-30 19:26:09'
System info: host: 'ASDP1524PO01976', ip: '172.29.241.108', os.name: 'Windows 10', os.arch: 'amd64', os.version: '10.0', java.version: '1.8.0_101'
Driver info: org.openqa.selenium.firefox.FirefoxDriver
Capabilities [{applicationCacheEnabled=true, rotatable=false, handlesAlerts=true, databaseEnabled=true, version=47.0.2, platform=WINDOWS, nativeEvents=false, acceptSslCerts=true, webStorageEnabled=true, locationContextEnabled=true, browserName=firefox, takesScreenshot=true, javascriptEnabled=true, cssSelectorsEnabled=true}]
Session ID: 94433bf7-f888-4078-ab93-a9eed40d45b1
*** Element info: {Using=id, value=c5824dae_279c_4392_b6d0_3efa2906fbab_lblMembershipExpirationDate}
	at org.openqa.selenium.remote.ErrorHandler.createThrowable(ErrorHandler.java:206)
	at org.openqa.selenium.remote.ErrorHandler.throwIfResponseFailed(ErrorHandler.java:158)
	at org.openqa.selenium.remote.RemoteWebDriver.execute(RemoteWebDriver.java:678)
	at org.openqa.selenium.remote.RemoteWebDriver.findElement(RemoteWebDriver.java:363)
	at org.openqa.selenium.remote.RemoteWebDriver.findElementById(RemoteWebDriver.java:413)
	at org.openqa.selenium.By$ById.findElement(By.java:218)
	at org.openqa.selenium.remote.RemoteWebDriver.findElement(RemoteWebDriver.java:355)
	at Apps.ACS.OMR.Payment(OMR.java:44)
Caused by: org.openqa.selenium.NoSuchElementException: Unable to locate element: {"method":"id","selector":"c5824dae_279c_4392_b6d0_3efa2906fbab_lblMembershipExpirationDate"}
For documentation on this error, please visit: http://seleniumhq.org/exceptions/no_such_element.html
Build info: version: '2.53.1', revision: 'a36b8b1cd5757287168e54b817830adce9b0158d', time: '2016-06-30 19:26:09'
System info: host: 'ASDP1524PO01976', ip: '172.29.241.108', os.name: 'Windows 10', os.arch: 'amd64', os.version: '10.0', java.version: '1.8.0_101'
Driver info: driver.version: unknown
	at <anonymous class>.FirefoxDriver.prototype.findElementInternal_(file:///C:/Users/DURGES~1/AppData/Local/Temp/anonymous6834150975815305081webdriver-profile/extensions/fxdriver@googlecode.com/components/driver-component.js:10770)
	at <anonymous class>.fxdriver.Timer.prototype.setTimeout/<.notify(file:///C:/Users/DURGES~1/AppData/Local/Temp/anonymous6834150975815305081webdriver-profile/extensions/fxdriver@googlecode.com/components/driver-component.js:625)
... Removed 28 stack frames]]>
    </failure>
  </testcase> <!-- Payment -->
</testsuite> <!-- First -->
