<?xml version="1.0" encoding="UTF-8"?>
<!-- Generated by org.testng.reporters.JUnitXMLReporter -->
<testsuite hostname="ASDP1524PO01976" name="Default test" tests="5" failures="0" timestamp="24 Jan 2017 10:16:18 GMT" time="0.05" errors="0">
  <testcase name="@BeforeClass init" time="0.0" classname="Apps.ACS.Iweb_Regular_Active_Member">
    <failure type="java.lang.IllegalAccessException" message="Class org.testng.internal.MethodInvocationHelper can not access a member of class Apps.ACS.Method with modifiers &amp;quot;public static&amp;quot;">
      <![CDATA[java.lang.IllegalAccessException: Class org.testng.internal.MethodInvocationHelper can not access a member of class Apps.ACS.Method with modifiers "public static"
	at sun.reflect.Reflection.ensureMemberAccess(Unknown Source)
	at java.lang.reflect.AccessibleObject.slowCheckMemberAccess(Unknown Source)
	at java.lang.reflect.AccessibleObject.checkAccess(Unknown Source)
	at java.lang.reflect.Method.invoke(Unknown Source)
	at org.testng.internal.MethodInvocationHelper.invokeMethod(MethodInvocationHelper.java:86)
	at org.testng.internal.Invoker.invokeConfigurationMethod(Invoker.java:514)
	at org.testng.internal.Invoker.invokeConfigurations(Invoker.java:215)
	at org.testng.internal.Invoker.invokeConfigurations(Invoker.java:142)
	at org.testng.internal.TestMethodWorker.invokeBeforeClassMethods(TestMethodWorker.java:178)
	at org.testng.internal.TestMethodWorker.run(TestMethodWorker.java:108)
	at org.testng.TestRunner.privateRun(TestRunner.java:782)
	at org.testng.TestRunner.run(TestRunner.java:632)
	at org.testng.SuiteRunner.runTest(SuiteRunner.java:366)
	at org.testng.SuiteRunner.runSequentially(SuiteRunner.java:361)
	at org.testng.SuiteRunner.privateRun(SuiteRunner.java:319)
	at org.testng.SuiteRunner.run(SuiteRunner.java:268)
	at org.testng.SuiteRunnerWorker.runSuite(SuiteRunnerWorker.java:52)
	at org.testng.SuiteRunnerWorker.run(SuiteRunnerWorker.java:86)
	at org.testng.TestNG.runSuitesSequentially(TestNG.java:1244)
	at org.testng.TestNG.runSuitesLocally(TestNG.java:1169)
	at org.testng.TestNG.run(TestNG.java:1064)
	at org.testng.remote.AbstractRemoteTestNG.run(AbstractRemoteTestNG.java:132)
	at org.testng.remote.RemoteTestNG.initAndRun(RemoteTestNG.java:236)
	at org.testng.remote.RemoteTestNG.main(RemoteTestNG.java:81)
]]>
    </failure>
  </testcase> <!-- @BeforeClass init -->
  <testcase name="IwebLaunch" time="0.001" classname="Apps.ACS.Iweb_Regular_Active_Member">
    <skipped/>
  </testcase> <!-- IwebLaunch -->
  <testcase name="MembershipA" time="0.0" classname="Apps.ACS.Iweb_Regular_Active_Member">
    <skipped/>
  </testcase> <!-- MembershipA -->
  <testcase name="FindMembersA" time="0.0" classname="Apps.ACS.Iweb_Regular_Active_Member">
    <skipped/>
  </testcase> <!-- FindMembersA -->
  <testcase name="FindMembershipA" time="0.0" classname="Apps.ACS.Iweb_Regular_Active_Member">
    <skipped/>
  </testcase> <!-- FindMembershipA -->
  <testcase name="IndividualA" time="0.0" classname="Apps.ACS.Iweb_Regular_Active_Member">
    <skipped/>
  </testcase> <!-- IndividualA -->
</testsuite> <!-- Default test -->
